2021-09-29 09:08:53.131  INFO 7740 --- [restartedMain] c.a.s.StudentManagementSystemApplication : Starting StudentManagementSystemApplication using Java 1.8.0_121 on DESKTOP-P8B292R with PID 7740 (C:\Users\ALPHA\SpringBootProjects\student-management-system\target\classes started by ALPHA in C:\Users\ALPHA\SpringBootProjects\student-management-system)
2021-09-29 09:08:53.134  INFO 7740 --- [restartedMain] c.a.s.StudentManagementSystemApplication : No active profile set, falling back to default profiles: default
2021-09-29 09:08:53.214  INFO 7740 --- [restartedMain] .e.DevToolsPropertyDefaultsPostProcessor : Devtools property defaults active! Set 'spring.devtools.add-properties' to 'false' to disable
2021-09-29 09:08:53.214  INFO 7740 --- [restartedMain] .e.DevToolsPropertyDefaultsPostProcessor : For additional web related logging consider setting the 'logging.level.web' property to 'DEBUG'
2021-09-29 09:08:54.068  INFO 7740 --- [restartedMain] .s.d.r.c.RepositoryConfigurationDelegate : Bootstrapping Spring Data JPA repositories in DEFAULT mode.
2021-09-29 09:08:54.145  INFO 7740 --- [restartedMain] .s.d.r.c.RepositoryConfigurationDelegate : Finished Spring Data repository scanning in 66 ms. Found 1 JPA repository interfaces.
2021-09-29 09:08:54.886  INFO 7740 --- [restartedMain] o.s.b.w.embedded.tomcat.TomcatWebServer  : Tomcat initialized with port(s): 8080 (http)
2021-09-29 09:08:54.900  INFO 7740 --- [restartedMain] o.apache.catalina.core.StandardService   : Starting service [Tomcat]
2021-09-29 09:08:54.900  INFO 7740 --- [restartedMain] org.apache.catalina.core.StandardEngine  : Starting Servlet engine: [Apache Tomcat/9.0.52]
2021-09-29 09:08:55.017  INFO 7740 --- [restartedMain] o.a.c.c.C.[Tomcat].[localhost].[/]       : Initializing Spring embedded WebApplicationContext
2021-09-29 09:08:55.017  INFO 7740 --- [restartedMain] w.s.c.ServletWebServerApplicationContext : Root WebApplicationContext: initialization completed in 1801 ms
2021-09-29 09:08:55.252  INFO 7740 --- [restartedMain] o.hibernate.jpa.internal.util.LogHelper  : HHH000204: Processing PersistenceUnitInfo [name: default]
2021-09-29 09:08:55.320  INFO 7740 --- [restartedMain] org.hibernate.Version                    : HHH000412: Hibernate ORM core version 5.4.32.Final
2021-09-29 09:08:55.591  INFO 7740 --- [restartedMain] o.hibernate.annotations.common.Version   : HCANN000001: Hibernate Commons Annotations {5.1.2.Final}
2021-09-29 09:08:55.731  INFO 7740 --- [restartedMain] com.zaxxer.hikari.HikariDataSource       : HikariPool-1 - Starting...
2021-09-29 09:08:55.928  INFO 7740 --- [restartedMain] com.zaxxer.hikari.HikariDataSource       : HikariPool-1 - Start completed.
2021-09-29 09:08:55.950  INFO 7740 --- [restartedMain] org.hibernate.dialect.Dialect            : HHH000400: Using dialect: org.hibernate.dialect.MySQL5Dialect
2021-09-29 09:08:56.746  INFO 7740 --- [restartedMain] o.h.e.t.j.p.i.JtaPlatformInitiator       : HHH000490: Using JtaPlatform implementation: [org.hibernate.engine.transaction.jta.platform.internal.NoJtaPlatform]
2021-09-29 09:08:56.758  INFO 7740 --- [restartedMain] j.LocalContainerEntityManagerFactoryBean : Initialized JPA EntityManagerFactory for persistence unit 'default'
2021-09-29 09:08:57.120  WARN 7740 --- [restartedMain] JpaBaseConfiguration$JpaWebConfiguration : spring.jpa.open-in-view is enabled by default. Therefore, database queries may be performed during view rendering. Explicitly configure spring.jpa.open-in-view to disable this warning
2021-09-29 09:08:57.576  INFO 7740 --- [restartedMain] o.s.b.d.a.OptionalLiveReloadServer       : LiveReload server is running on port 35729
2021-09-29 09:08:57.618  INFO 7740 --- [restartedMain] o.s.b.w.embedded.tomcat.TomcatWebServer  : Tomcat started on port(s): 8080 (http) with context path ''
2021-09-29 09:08:57.629  INFO 7740 --- [restartedMain] c.a.s.StudentManagementSystemApplication : Started StudentManagementSystemApplication in 5.018 seconds (JVM running for 6.625)
2021-09-29 09:09:20.343  INFO 7740 --- [RMI TCP Connection(2)-127.0.0.1] inMXBeanRegistrar$SpringApplicationAdmin : Application shutdown requested.
2021-09-29 09:09:20.997  INFO 7740 --- [RMI TCP Connection(2)-127.0.0.1] j.LocalContainerEntityManagerFactoryBean : Closing JPA EntityManagerFactory for persistence unit 'default'
2021-09-29 09:09:21.002  INFO 7740 --- [RMI TCP Connection(2)-127.0.0.1] com.zaxxer.hikari.HikariDataSource       : HikariPool-1 - Shutdown initiated...
2021-09-29 09:09:21.014  INFO 7740 --- [RMI TCP Connection(2)-127.0.0.1] com.zaxxer.hikari.HikariDataSource       : HikariPool-1 - Shutdown completed.
2021-09-29 09:09:30.688  INFO 21048 --- [restartedMain] c.a.s.StudentManagementSystemApplication : Starting StudentManagementSystemApplication using Java 1.8.0_121 on DESKTOP-P8B292R with PID 21048 (C:\Users\ALPHA\SpringBootProjects\student-management-system\target\classes started by ALPHA in C:\Users\ALPHA\SpringBootProjects\student-management-system)
2021-09-29 09:09:30.691  INFO 21048 --- [restartedMain] c.a.s.StudentManagementSystemApplication : The following profiles are active: dev
2021-09-29 09:09:30.769  INFO 21048 --- [restartedMain] .e.DevToolsPropertyDefaultsPostProcessor : Devtools property defaults active! Set 'spring.devtools.add-properties' to 'false' to disable
2021-09-29 09:09:30.770  INFO 21048 --- [restartedMain] .e.DevToolsPropertyDefaultsPostProcessor : For additional web related logging consider setting the 'logging.level.web' property to 'DEBUG'
2021-09-29 09:09:31.621  INFO 21048 --- [restartedMain] .s.d.r.c.RepositoryConfigurationDelegate : Bootstrapping Spring Data JPA repositories in DEFAULT mode.
2021-09-29 09:09:31.696  INFO 21048 --- [restartedMain] .s.d.r.c.RepositoryConfigurationDelegate : Finished Spring Data repository scanning in 64 ms. Found 1 JPA repository interfaces.
2021-09-29 09:09:32.440  INFO 21048 --- [restartedMain] o.s.b.w.embedded.tomcat.TomcatWebServer  : Tomcat initialized with port(s): 8081 (http)
2021-09-29 09:09:32.452  INFO 21048 --- [restartedMain] o.apache.catalina.core.StandardService   : Starting service [Tomcat]
2021-09-29 09:09:32.453  INFO 21048 --- [restartedMain] org.apache.catalina.core.StandardEngine  : Starting Servlet engine: [Apache Tomcat/9.0.52]
2021-09-29 09:09:32.569  INFO 21048 --- [restartedMain] o.a.c.c.C.[Tomcat].[localhost].[/]       : Initializing Spring embedded WebApplicationContext
2021-09-29 09:09:32.570  INFO 21048 --- [restartedMain] w.s.c.ServletWebServerApplicationContext : Root WebApplicationContext: initialization completed in 1799 ms
2021-09-29 09:09:32.805  INFO 21048 --- [restartedMain] o.hibernate.jpa.internal.util.LogHelper  : HHH000204: Processing PersistenceUnitInfo [name: default]
2021-09-29 09:09:32.873  INFO 21048 --- [restartedMain] org.hibernate.Version                    : HHH000412: Hibernate ORM core version 5.4.32.Final
2021-09-29 09:09:33.146  INFO 21048 --- [restartedMain] o.hibernate.annotations.common.Version   : HCANN000001: Hibernate Commons Annotations {5.1.2.Final}
2021-09-29 09:09:33.314  INFO 21048 --- [restartedMain] com.zaxxer.hikari.HikariDataSource       : HikariPool-1 - Starting...
2021-09-29 09:09:33.554  INFO 21048 --- [restartedMain] com.zaxxer.hikari.HikariDataSource       : HikariPool-1 - Start completed.
2021-09-29 09:09:33.582  INFO 21048 --- [restartedMain] org.hibernate.dialect.Dialect            : HHH000400: Using dialect: org.hibernate.dialect.MySQL5Dialect
2021-09-29 09:09:34.440  INFO 21048 --- [restartedMain] o.h.e.t.j.p.i.JtaPlatformInitiator       : HHH000490: Using JtaPlatform implementation: [org.hibernate.engine.transaction.jta.platform.internal.NoJtaPlatform]
2021-09-29 09:09:34.457  INFO 21048 --- [restartedMain] j.LocalContainerEntityManagerFactoryBean : Initialized JPA EntityManagerFactory for persistence unit 'default'
2021-09-29 09:09:34.861  WARN 21048 --- [restartedMain] JpaBaseConfiguration$JpaWebConfiguration : spring.jpa.open-in-view is enabled by default. Therefore, database queries may be performed during view rendering. Explicitly configure spring.jpa.open-in-view to disable this warning
2021-09-29 09:09:35.429  INFO 21048 --- [restartedMain] o.s.b.d.a.OptionalLiveReloadServer       : LiveReload server is running on port 35729
2021-09-29 09:09:35.470  INFO 21048 --- [restartedMain] o.s.b.w.embedded.tomcat.TomcatWebServer  : Tomcat started on port(s): 8081 (http) with context path ''
2021-09-29 09:09:35.481  INFO 21048 --- [restartedMain] c.a.s.StudentManagementSystemApplication : Started StudentManagementSystemApplication in 5.312 seconds (JVM running for 6.938)
