2021-10-20 13:46:34.215  INFO 16400 --- [restartedMain] c.a.s.StudentManagementSystemApplication : Starting StudentManagementSystemApplication using Java 1.8.0_121 on DESKTOP-P8B292R with PID 16400 (C:\Users\ALPHA\SpringBootProjects\student-management-system\target\classes started by ALPHA in C:\Users\ALPHA\SpringBootProjects\student-management-system)
2021-10-20 13:46:34.289  INFO 16400 --- [restartedMain] c.a.s.StudentManagementSystemApplication : No active profile set, falling back to default profiles: default
2021-10-20 13:46:34.550  INFO 16400 --- [restartedMain] .e.DevToolsPropertyDefaultsPostProcessor : Devtools property defaults active! Set 'spring.devtools.add-properties' to 'false' to disable
2021-10-20 13:46:34.553  INFO 16400 --- [restartedMain] .e.DevToolsPropertyDefaultsPostProcessor : For additional web related logging consider setting the 'logging.level.web' property to 'DEBUG'
2021-10-20 13:46:37.802  INFO 16400 --- [restartedMain] .s.d.r.c.RepositoryConfigurationDelegate : Bootstrapping Spring Data JPA repositories in DEFAULT mode.
2021-10-20 13:46:38.064  INFO 16400 --- [restartedMain] .s.d.r.c.RepositoryConfigurationDelegate : Finished Spring Data repository scanning in 223 ms. Found 1 JPA repository interfaces.
2021-10-20 13:46:39.812  INFO 16400 --- [restartedMain] o.s.b.w.embedded.tomcat.TomcatWebServer  : Tomcat initialized with port(s): 8082 (http)
2021-10-20 13:46:39.862  INFO 16400 --- [restartedMain] o.apache.catalina.core.StandardService   : Starting service [Tomcat]
2021-10-20 13:46:39.863  INFO 16400 --- [restartedMain] org.apache.catalina.core.StandardEngine  : Starting Servlet engine: [Apache Tomcat/9.0.52]
2021-10-20 13:46:40.076  INFO 16400 --- [restartedMain] o.a.c.c.C.[Tomcat].[localhost].[/]       : Initializing Spring embedded WebApplicationContext
2021-10-20 13:46:40.077  INFO 16400 --- [restartedMain] w.s.c.ServletWebServerApplicationContext : Root WebApplicationContext: initialization completed in 5521 ms
2021-10-20 13:46:41.163  INFO 16400 --- [restartedMain] o.hibernate.jpa.internal.util.LogHelper  : HHH000204: Processing PersistenceUnitInfo [name: default]
2021-10-20 13:46:41.504  INFO 16400 --- [restartedMain] org.hibernate.Version                    : HHH000412: Hibernate ORM core version 5.4.32.Final
2021-10-20 13:46:42.164  INFO 16400 --- [restartedMain] o.hibernate.annotations.common.Version   : HCANN000001: Hibernate Commons Annotations {5.1.2.Final}
2021-10-20 13:46:42.592  INFO 16400 --- [restartedMain] com.zaxxer.hikari.HikariDataSource       : HikariPool-1 - Starting...
2021-10-20 13:46:43.176  INFO 16400 --- [restartedMain] com.zaxxer.hikari.HikariDataSource       : HikariPool-1 - Start completed.
2021-10-20 13:46:43.273  INFO 16400 --- [restartedMain] org.hibernate.dialect.Dialect            : HHH000400: Using dialect: org.hibernate.dialect.MySQL5Dialect
2021-10-20 13:46:45.195  INFO 16400 --- [restartedMain] o.h.e.t.j.p.i.JtaPlatformInitiator       : HHH000490: Using JtaPlatform implementation: [org.hibernate.engine.transaction.jta.platform.internal.NoJtaPlatform]
2021-10-20 13:46:45.219  INFO 16400 --- [restartedMain] j.LocalContainerEntityManagerFactoryBean : Initialized JPA EntityManagerFactory for persistence unit 'default'
2021-10-20 13:46:47.371  INFO 16400 --- [restartedMain] o.s.b.d.a.OptionalLiveReloadServer       : LiveReload server is running on port 35729
2021-10-20 13:46:47.529  INFO 16400 --- [restartedMain] o.s.b.w.embedded.tomcat.TomcatWebServer  : Tomcat started on port(s): 8082 (http) with context path ''
2021-10-20 13:46:47.715  INFO 16400 --- [restartedMain] o.s.b.w.embedded.tomcat.TomcatWebServer  : Tomcat initialized with port(s): 9090 (http)
2021-10-20 13:46:47.716  INFO 16400 --- [restartedMain] o.apache.catalina.core.StandardService   : Starting service [Tomcat]
2021-10-20 13:46:47.716  INFO 16400 --- [restartedMain] org.apache.catalina.core.StandardEngine  : Starting Servlet engine: [Apache Tomcat/9.0.52]
2021-10-20 13:46:47.748  INFO 16400 --- [restartedMain] o.a.c.c.C.[Tomcat-1].[localhost].[/]     : Initializing Spring embedded WebApplicationContext
2021-10-20 13:46:47.749  INFO 16400 --- [restartedMain] w.s.c.ServletWebServerApplicationContext : Root WebApplicationContext: initialization completed in 214 ms
2021-10-20 13:46:47.763  INFO 16400 --- [restartedMain] o.s.b.a.e.web.EndpointLinksResolver      : Exposing 16 endpoint(s) beneath base path '/manage'
2021-10-20 13:46:47.809  INFO 16400 --- [restartedMain] o.s.b.w.embedded.tomcat.TomcatWebServer  : Tomcat started on port(s): 9090 (http) with context path ''
2021-10-20 13:46:47.838  INFO 16400 --- [restartedMain] c.a.s.StudentManagementSystemApplication : Started StudentManagementSystemApplication in 15.711 seconds (JVM running for 21.649)
2021-10-20 13:51:56.437  INFO 16400 --- [http-nio-8082-exec-1] o.a.c.c.C.[Tomcat].[localhost].[/]       : Initializing Spring DispatcherServlet 'dispatcherServlet'
2021-10-20 13:51:56.437  INFO 16400 --- [http-nio-8082-exec-1] o.s.web.servlet.DispatcherServlet        : Initializing Servlet 'dispatcherServlet'
2021-10-20 13:51:56.440  INFO 16400 --- [http-nio-8082-exec-1] o.s.web.servlet.DispatcherServlet        : Completed initialization in 1 ms
2021-10-20 13:51:57.297 DEBUG 16400 --- [http-nio-8082-exec-1] org.hibernate.SQL                        : select student0_.id as id1_0_, student0_.email as email2_0_, student0_.first_name as first_na3_0_, student0_.last_name as last_nam4_0_ from students student0_
2021-10-20 13:52:02.400 DEBUG 16400 --- [http-nio-8082-exec-3] org.hibernate.SQL                        : select student0_.id as id1_0_0_, student0_.email as email2_0_0_, student0_.first_name as first_na3_0_0_, student0_.last_name as last_nam4_0_0_ from students student0_ where student0_.id=?
2021-10-20 13:52:08.281  INFO 16400 --- [http-nio-9090-exec-2] o.a.c.c.C.[Tomcat-1].[localhost].[/]     : Initializing Spring DispatcherServlet 'dispatcherServlet'
2021-10-20 13:52:08.282  INFO 16400 --- [http-nio-9090-exec-2] o.s.web.servlet.DispatcherServlet        : Initializing Servlet 'dispatcherServlet'
2021-10-20 13:52:08.283  INFO 16400 --- [http-nio-9090-exec-2] o.s.web.servlet.DispatcherServlet        : Completed initialization in 1 ms
2021-10-20 13:52:24.842 DEBUG 16400 --- [http-nio-8082-exec-4] org.hibernate.SQL                        : select student0_.id as id1_0_0_, student0_.email as email2_0_0_, student0_.first_name as first_na3_0_0_, student0_.last_name as last_nam4_0_0_ from students student0_ where student0_.id=?
2021-10-20 13:52:24.875  WARN 16400 --- [http-nio-8082-exec-4] .m.m.a.ExceptionHandlerExceptionResolver : Resolved [com.alpha.sms.exception.EmptyInputException: Input fields are empty. Please look]
2021-10-20 13:52:45.494 DEBUG 16400 --- [http-nio-8082-exec-6] org.hibernate.SQL                        : select student0_.id as id1_0_0_, student0_.email as email2_0_0_, student0_.first_name as first_na3_0_0_, student0_.last_name as last_nam4_0_0_ from students student0_ where student0_.id=?
2021-10-20 13:52:49.136 DEBUG 16400 --- [http-nio-8082-exec-7] org.hibernate.SQL                        : select student0_.id as id1_0_0_, student0_.email as email2_0_0_, student0_.first_name as first_na3_0_0_, student0_.last_name as last_nam4_0_0_ from students student0_ where student0_.id=?
2021-10-20 13:53:14.930 DEBUG 16400 --- [http-nio-8082-exec-8] org.hibernate.SQL                        : select student0_.id as id1_0_, student0_.email as email2_0_, student0_.first_name as first_na3_0_, student0_.last_name as last_nam4_0_ from students student0_
2021-10-20 13:53:24.455  INFO 16400 --- [RMI TCP Connection(15)-127.0.0.1] inMXBeanRegistrar$SpringApplicationAdmin : Application shutdown requested.
2021-10-20 13:53:25.990  INFO 16400 --- [RMI TCP Connection(15)-127.0.0.1] j.LocalContainerEntityManagerFactoryBean : Closing JPA EntityManagerFactory for persistence unit 'default'
2021-10-20 13:53:26.009  INFO 16400 --- [RMI TCP Connection(15)-127.0.0.1] com.zaxxer.hikari.HikariDataSource       : HikariPool-1 - Shutdown initiated...
2021-10-20 13:53:26.103  INFO 16400 --- [RMI TCP Connection(15)-127.0.0.1] com.zaxxer.hikari.HikariDataSource       : HikariPool-1 - Shutdown completed.
2021-10-20 13:55:18.618  INFO 22076 --- [main] .StudentManagementSystemApplicationTests : Starting StudentManagementSystemApplicationTests using Java 1.8.0_121 on DESKTOP-P8B292R with PID 22076 (started by ALPHA in C:\Users\ALPHA\SpringBootProjects\student-management-system)
2021-10-20 13:55:18.627  INFO 22076 --- [main] .StudentManagementSystemApplicationTests : No active profile set, falling back to default profiles: default
2021-10-20 13:55:21.328  INFO 22076 --- [main] .s.d.r.c.RepositoryConfigurationDelegate : Bootstrapping Spring Data JPA repositories in DEFAULT mode.
2021-10-20 13:55:21.512  INFO 22076 --- [main] .s.d.r.c.RepositoryConfigurationDelegate : Finished Spring Data repository scanning in 161 ms. Found 1 JPA repository interfaces.
2021-10-20 13:55:23.698  INFO 22076 --- [main] o.hibernate.jpa.internal.util.LogHelper  : HHH000204: Processing PersistenceUnitInfo [name: default]
2021-10-20 13:55:23.946  INFO 22076 --- [main] org.hibernate.Version                    : HHH000412: Hibernate ORM core version 5.4.32.Final
2021-10-20 13:55:24.493  INFO 22076 --- [main] o.hibernate.annotations.common.Version   : HCANN000001: Hibernate Commons Annotations {5.1.2.Final}
2021-10-20 13:55:25.518  INFO 22076 --- [main] com.zaxxer.hikari.HikariDataSource       : HikariPool-1 - Starting...
2021-10-20 13:55:26.028  INFO 22076 --- [main] com.zaxxer.hikari.HikariDataSource       : HikariPool-1 - Start completed.
2021-10-20 13:55:26.112  INFO 22076 --- [main] org.hibernate.dialect.Dialect            : HHH000400: Using dialect: org.hibernate.dialect.MySQL5Dialect
2021-10-20 13:55:28.762  INFO 22076 --- [main] o.h.e.t.j.p.i.JtaPlatformInitiator       : HHH000490: Using JtaPlatform implementation: [org.hibernate.engine.transaction.jta.platform.internal.NoJtaPlatform]
2021-10-20 13:55:28.809  INFO 22076 --- [main] j.LocalContainerEntityManagerFactoryBean : Initialized JPA EntityManagerFactory for persistence unit 'default'
2021-10-20 13:55:33.931  INFO 22076 --- [main] .StudentManagementSystemApplicationTests : Started StudentManagementSystemApplicationTests in 16.28 seconds (JVM running for 22.197)
2021-10-20 13:55:34.658 DEBUG 22076 --- [main] org.hibernate.SQL                        : insert into students (email, first_name, last_name) values (?, ?, ?)
2021-10-20 13:55:34.911 DEBUG 22076 --- [main] org.hibernate.SQL                        : select student0_.id as id1_0_0_, student0_.email as email2_0_0_, student0_.first_name as first_na3_0_0_, student0_.last_name as last_nam4_0_0_ from students student0_ where student0_.id=?
2021-10-20 13:55:35.326 DEBUG 22076 --- [main] org.hibernate.SQL                        : select student0_.id as id1_0_, student0_.email as email2_0_, student0_.first_name as first_na3_0_, student0_.last_name as last_nam4_0_ from students student0_
2021-10-20 13:55:35.745 DEBUG 22076 --- [main] org.hibernate.SQL                        : select student0_.id as id1_0_0_, student0_.email as email2_0_0_, student0_.first_name as first_na3_0_0_, student0_.last_name as last_nam4_0_0_ from students student0_ where student0_.id=?
2021-10-20 13:55:35.795 DEBUG 22076 --- [main] org.hibernate.SQL                        : select student0_.id as id1_0_0_, student0_.email as email2_0_0_, student0_.first_name as first_na3_0_0_, student0_.last_name as last_nam4_0_0_ from students student0_ where student0_.id=?
2021-10-20 13:55:35.918 DEBUG 22076 --- [main] org.hibernate.SQL                        : select student0_.id as id1_0_0_, student0_.email as email2_0_0_, student0_.first_name as first_na3_0_0_, student0_.last_name as last_nam4_0_0_ from students student0_ where student0_.id=?
2021-10-20 13:55:35.927 DEBUG 22076 --- [main] org.hibernate.SQL                        : select student0_.id as id1_0_0_, student0_.email as email2_0_0_, student0_.first_name as first_na3_0_0_, student0_.last_name as last_nam4_0_0_ from students student0_ where student0_.id=?
2021-10-20 13:55:35.965 DEBUG 22076 --- [main] org.hibernate.SQL                        : select student0_.id as id1_0_0_, student0_.email as email2_0_0_, student0_.first_name as first_na3_0_0_, student0_.last_name as last_nam4_0_0_ from students student0_ where student0_.id=?
2021-10-20 13:55:36.012  INFO 22076 --- [SpringApplicationShutdownHook] j.LocalContainerEntityManagerFactoryBean : Closing JPA EntityManagerFactory for persistence unit 'default'
2021-10-20 13:55:36.047  INFO 22076 --- [SpringApplicationShutdownHook] com.zaxxer.hikari.HikariDataSource       : HikariPool-1 - Shutdown initiated...
2021-10-20 13:55:36.095  INFO 22076 --- [SpringApplicationShutdownHook] com.zaxxer.hikari.HikariDataSource       : HikariPool-1 - Shutdown completed.
2021-10-20 14:00:56.522  INFO 12808 --- [main] .StudentManagementSystemApplicationTests : Starting StudentManagementSystemApplicationTests using Java 1.8.0_121 on DESKTOP-P8B292R with PID 12808 (started by ALPHA in C:\Users\ALPHA\SpringBootProjects\student-management-system)
2021-10-20 14:00:56.533  INFO 12808 --- [main] .StudentManagementSystemApplicationTests : No active profile set, falling back to default profiles: default
2021-10-20 14:00:58.269  INFO 12808 --- [main] .s.d.r.c.RepositoryConfigurationDelegate : Bootstrapping Spring Data JPA repositories in DEFAULT mode.
2021-10-20 14:00:58.397  INFO 12808 --- [main] .s.d.r.c.RepositoryConfigurationDelegate : Finished Spring Data repository scanning in 111 ms. Found 1 JPA repository interfaces.
2021-10-20 14:00:59.749  INFO 12808 --- [main] o.hibernate.jpa.internal.util.LogHelper  : HHH000204: Processing PersistenceUnitInfo [name: default]
2021-10-20 14:00:59.899  INFO 12808 --- [main] org.hibernate.Version                    : HHH000412: Hibernate ORM core version 5.4.32.Final
2021-10-20 14:01:00.236  INFO 12808 --- [main] o.hibernate.annotations.common.Version   : HCANN000001: Hibernate Commons Annotations {5.1.2.Final}
2021-10-20 14:01:01.227  INFO 12808 --- [main] com.zaxxer.hikari.HikariDataSource       : HikariPool-1 - Starting...
2021-10-20 14:01:01.508  INFO 12808 --- [main] com.zaxxer.hikari.HikariDataSource       : HikariPool-1 - Start completed.
2021-10-20 14:01:01.537  INFO 12808 --- [main] org.hibernate.dialect.Dialect            : HHH000400: Using dialect: org.hibernate.dialect.MySQL5Dialect
2021-10-20 14:01:02.858  INFO 12808 --- [main] o.h.e.t.j.p.i.JtaPlatformInitiator       : HHH000490: Using JtaPlatform implementation: [org.hibernate.engine.transaction.jta.platform.internal.NoJtaPlatform]
2021-10-20 14:01:02.880  INFO 12808 --- [main] j.LocalContainerEntityManagerFactoryBean : Initialized JPA EntityManagerFactory for persistence unit 'default'
2021-10-20 14:01:06.609  INFO 12808 --- [main] .StudentManagementSystemApplicationTests : Started StudentManagementSystemApplicationTests in 10.715 seconds (JVM running for 13.116)
2021-10-20 14:01:07.188 DEBUG 12808 --- [main] org.hibernate.SQL                        : insert into students (email, first_name, last_name) values (?, ?, ?)
2021-10-20 14:01:07.284 DEBUG 12808 --- [main] org.hibernate.SQL                        : select student0_.id as id1_0_0_, student0_.email as email2_0_0_, student0_.first_name as first_na3_0_0_, student0_.last_name as last_nam4_0_0_ from students student0_ where student0_.id=?
2021-10-20 14:01:07.611 DEBUG 12808 --- [main] org.hibernate.SQL                        : select student0_.id as id1_0_, student0_.email as email2_0_, student0_.first_name as first_na3_0_, student0_.last_name as last_nam4_0_ from students student0_
2021-10-20 14:01:07.766 DEBUG 12808 --- [main] org.hibernate.SQL                        : select student0_.id as id1_0_0_, student0_.email as email2_0_0_, student0_.first_name as first_na3_0_0_, student0_.last_name as last_nam4_0_0_ from students student0_ where student0_.id=?
2021-10-20 14:01:07.782 DEBUG 12808 --- [main] org.hibernate.SQL                        : select student0_.id as id1_0_0_, student0_.email as email2_0_0_, student0_.first_name as first_na3_0_0_, student0_.last_name as last_nam4_0_0_ from students student0_ where student0_.id=?
2021-10-20 14:01:07.786 DEBUG 12808 --- [main] org.hibernate.SQL                        : select student0_.id as id1_0_0_, student0_.email as email2_0_0_, student0_.first_name as first_na3_0_0_, student0_.last_name as last_nam4_0_0_ from students student0_ where student0_.id=?
2021-10-20 14:01:07.801 DEBUG 12808 --- [main] org.hibernate.SQL                        : select student0_.id as id1_0_0_, student0_.email as email2_0_0_, student0_.first_name as first_na3_0_0_, student0_.last_name as last_nam4_0_0_ from students student0_ where student0_.id=?
2021-10-20 14:01:07.830 DEBUG 12808 --- [main] org.hibernate.SQL                        : select student0_.id as id1_0_0_, student0_.email as email2_0_0_, student0_.first_name as first_na3_0_0_, student0_.last_name as last_nam4_0_0_ from students student0_ where student0_.id=?
2021-10-20 14:01:07.922  INFO 12808 --- [SpringApplicationShutdownHook] j.LocalContainerEntityManagerFactoryBean : Closing JPA EntityManagerFactory for persistence unit 'default'
2021-10-20 14:01:07.927  INFO 12808 --- [SpringApplicationShutdownHook] com.zaxxer.hikari.HikariDataSource       : HikariPool-1 - Shutdown initiated...
2021-10-20 14:01:07.992  INFO 12808 --- [SpringApplicationShutdownHook] com.zaxxer.hikari.HikariDataSource       : HikariPool-1 - Shutdown completed.
